<?xml version="1.0" encoding="UTF-8"?>
<!-- Generated by org.testng.reporters.JUnitReportReporter -->
<testsuite skipped="0" hostname="ATMECSINLT-085" name="com.atmecs.konakart_css.testscripts.KonakartHome" tests="2" failures="0" timestamp="14 Oct 2019 14:48:32 GMT" time="24.037" errors="0">
  <testcase name="validateKonakart" time="11.839" classname="com.atmecs.konakart_css.testscripts.KonakartHome"/>
  <testcase name="validateKonakart" time="12.198" classname="com.atmecs.konakart_css.testscripts.KonakartHome"/>
</testsuite> <!-- com.atmecs.konakart_css.testscripts.KonakartHome -->
