<?xml version="1.0" encoding="UTF-8"?>
<!-- Generated by org.testng.reporters.JUnitReportReporter -->
<testsuite skipped="0" hostname="ATMECSINLT-085" name="com.atmecs.konakart.testscripts.KonakartHome" tests="2" failures="0" timestamp="14 Oct 2019 09:32:11 GMT" time="17.563" errors="0">
  <testcase name="validateKonakart" time="9.702" classname="com.atmecs.konakart.testscripts.KonakartHome"/>
  <testcase name="validateKonakart" time="7.861" classname="com.atmecs.konakart.testscripts.KonakartHome"/>
</testsuite> <!-- com.atmecs.konakart.testscripts.KonakartHome -->
