<?xml version="1.0" encoding="UTF-8"?>
<!-- Generated by org.testng.reporters.JUnitReportReporter -->
<testsuite skipped="0" hostname="ATMECSINLT-085" name="com.atmecs.konakart_css.testscripts.HeroImage" tests="2" failures="0" timestamp="14 Oct 2019 15:37:47 GMT" time="60.046" errors="0">
  <testcase name="validateHeroImage" time="20.819" classname="com.atmecs.konakart_css.testscripts.HeroImage"/>
  <testcase name="validateHeroImage" time="39.227" classname="com.atmecs.konakart_css.testscripts.HeroImage"/>
</testsuite> <!-- com.atmecs.konakart_css.testscripts.HeroImage -->
