<?xml version="1.0" encoding="UTF-8"?>
<!-- Generated by org.testng.reporters.JUnitReportReporter -->
<testsuite skipped="0" hostname="ATMECSINLT-085" name="com.atmecs.konakart_css.testscripts.KonakartHome" tests="2" failures="0" timestamp="14 Oct 2019 16:00:29 GMT" time="20.046" errors="0">
  <testcase name="validateKonakart" time="7.895" classname="com.atmecs.konakart_css.testscripts.KonakartHome"/>
  <testcase name="validateKonakart" time="12.151" classname="com.atmecs.konakart_css.testscripts.KonakartHome"/>
</testsuite> <!-- com.atmecs.konakart_css.testscripts.KonakartHome -->
